<?xml version="1.0" encoding="UTF-8"?>
<!-- Generated by org.testng.reporters.JUnitReportReporter -->
<testsuite hostname="5CD2323JN2" failures="0" tests="2" name="validate_neoStoxTestClass.ValidateNeoStoxUserNameUsing_PropertyFile" time="21.178" errors="0" timestamp="2023-01-13T23:56:55 IST" skipped="0">
  <testcase classname="validate_neoStoxTestClass.ValidateNeoStoxUserNameUsing_PropertyFile" name="validateACBalance" time="10.198"/>
  <system-out>
    <![CDATA[getting AC Balance 
Account balance is ---> Rs.5,00,000.00
taking ScreenShot 
screen shot taken and saved at --->E:\New folder\newscreen\ScreenShot\validateACBalance4q.png
Test Case is ---> validateACBalancePass]]>
  </system-out>
  <testcase classname="validate_neoStoxTestClass.ValidateNeoStoxUserNameUsing_PropertyFile" name="validateUserName" time="10.980"/>
  <system-out>
    <![CDATA[getting acutal user name 
Actual user name is -->Hi bhagwant patil
Read Data from Properties file 
Hi bhagwant patil
taking ScreenShot 
screen shot taken and saved at --->E:\New folder\newscreen\ScreenShot\validateUserNamezC.png
Test Case is ---> validateUserNamePass]]>
  </system-out>
</testsuite> <!-- validate_neoStoxTestClass.ValidateNeoStoxUserNameUsing_PropertyFile -->
